2026-02-10 21:12:18,914 - scanner - INFO - Starting async scan: http://testphp.vulnweb.com/login.php with profile: standard
2026-02-10 21:12:18,916 - scanner - INFO - Crawling site (max_urls: 50)...
2026-02-10 21:12:42,859 - scanner - INFO - Found 41 URLs
2026-02-10 21:12:43,498 - scanner - WARNING - CSRF found in http://testphp.vulnweb.com/categories.php: 3 issues
2026-02-10 21:12:43,989 - scanner - WARNING - CSRF found in http://testphp.vulnweb.com/disclaimer.php: 3 issues
2026-02-10 21:13:02,952 - scanner - WARNING - SQLi found in http://testphp.vulnweb.com/listproducts.php?cat=1: 1 issues
2026-02-10 21:13:03,439 - scanner - WARNING - XSS found in http://testphp.vulnweb.com/listproducts.php?cat=1: 1 issues
2026-02-10 21:13:03,958 - scanner - WARNING - CSRF found in http://testphp.vulnweb.com/listproducts.php?cat=1: 3 issues
2026-02-10 21:13:07,370 - scanner - WARNING - SQLi found in http://testphp.vulnweb.com/product.php?pic=3: 1 issues
2026-02-10 21:13:07,857 - scanner - WARNING - XSS found in http://testphp.vulnweb.com/product.php?pic=3: 1 issues
2026-02-10 21:13:08,365 - scanner - WARNING - CSRF found in http://testphp.vulnweb.com/product.php?pic=3: 5 issues
2026-02-10 21:13:11,753 - scanner - WARNING - SQLi found in http://testphp.vulnweb.com/product.php?pic=7: 1 issues
2026-02-10 21:13:12,246 - scanner - WARNING - XSS found in http://testphp.vulnweb.com/product.php?pic=7: 1 issues
2026-02-10 21:13:12,716 - scanner - WARNING - CSRF found in http://testphp.vulnweb.com/product.php?pic=7: 5 issues
2026-02-10 21:13:20,941 - scanner - WARNING - CSRF found in http://testphp.vulnweb.com/guestbook.php: 5 issues
2026-02-10 21:13:24,939 - scanner - WARNING - SQLi found in http://testphp.vulnweb.com/artists.php?artist=2: 1 issues
2026-02-10 21:13:25,409 - scanner - WARNING - XSS found in http://testphp.vulnweb.com/artists.php?artist=2: 1 issues
2026-02-10 21:13:25,913 - scanner - WARNING - CSRF found in http://testphp.vulnweb.com/artists.php?artist=2: 3 issues
2026-02-10 21:13:26,664 - scanner - WARNING - CSRF found in http://testphp.vulnweb.com/userinfo.php: 5 issues
2026-02-10 21:13:37,487 - scanner - WARNING - SQLi found in http://testphp.vulnweb.com/listproducts.php?artist=2: 1 issues
2026-02-10 21:13:37,988 - scanner - WARNING - XSS found in http://testphp.vulnweb.com/listproducts.php?artist=2: 1 issues
2026-02-10 21:13:38,495 - scanner - WARNING - CSRF found in http://testphp.vulnweb.com/listproducts.php?artist=2: 3 issues
2026-02-10 21:13:41,956 - scanner - WARNING - SQLi found in http://testphp.vulnweb.com/artists.php?artist=3: 1 issues
2026-02-10 21:13:42,460 - scanner - WARNING - XSS found in http://testphp.vulnweb.com/artists.php?artist=3: 1 issues
2026-02-10 21:13:42,940 - scanner - WARNING - CSRF found in http://testphp.vulnweb.com/artists.php?artist=3: 3 issues
2026-02-10 21:13:46,367 - scanner - WARNING - SQLi found in http://testphp.vulnweb.com/listproducts.php?artist=1: 1 issues
2026-02-10 21:13:46,859 - scanner - WARNING - XSS found in http://testphp.vulnweb.com/listproducts.php?artist=1: 1 issues
2026-02-10 21:13:47,362 - scanner - WARNING - CSRF found in http://testphp.vulnweb.com/listproducts.php?artist=1: 3 issues
2026-02-10 21:13:47,844 - scanner - WARNING - CSRF found in http://testphp.vulnweb.com/signup.php: 5 issues
2026-02-10 21:13:51,723 - scanner - WARNING - SQLi found in http://testphp.vulnweb.com/product.php?pic=4: 1 issues
2026-02-10 21:13:52,192 - scanner - WARNING - XSS found in http://testphp.vulnweb.com/product.php?pic=4: 1 issues
2026-02-10 21:13:52,690 - scanner - WARNING - CSRF found in http://testphp.vulnweb.com/product.php?pic=4: 5 issues
2026-02-10 21:13:56,189 - scanner - WARNING - SQLi found in http://testphp.vulnweb.com/listproducts.php?cat=3: 1 issues
2026-02-10 21:13:56,679 - scanner - WARNING - XSS found in http://testphp.vulnweb.com/listproducts.php?cat=3: 1 issues
2026-02-10 21:13:57,172 - scanner - WARNING - CSRF found in http://testphp.vulnweb.com/listproducts.php?cat=3: 3 issues
2026-02-10 21:14:00,616 - scanner - WARNING - SQLi found in http://testphp.vulnweb.com/product.php?pic=5: 1 issues
2026-02-10 21:14:01,125 - scanner - WARNING - XSS found in http://testphp.vulnweb.com/product.php?pic=5: 1 issues
2026-02-10 21:14:01,631 - scanner - WARNING - CSRF found in http://testphp.vulnweb.com/product.php?pic=5: 5 issues
2026-02-10 21:14:12,364 - scanner - WARNING - SQLi found in http://testphp.vulnweb.com/listproducts.php?artist=3: 1 issues
2026-02-10 21:14:12,914 - scanner - WARNING - XSS found in http://testphp.vulnweb.com/listproducts.php?artist=3: 1 issues
2026-02-10 21:14:13,394 - scanner - WARNING - CSRF found in http://testphp.vulnweb.com/listproducts.php?artist=3: 3 issues
2026-02-10 21:14:13,876 - scanner - WARNING - CSRF found in http://testphp.vulnweb.com/login.php: 5 issues
2026-02-10 21:14:17,937 - scanner - WARNING - SQLi found in http://testphp.vulnweb.com/product.php?pic=6: 1 issues
2026-02-10 21:14:18,426 - scanner - WARNING - XSS found in http://testphp.vulnweb.com/product.php?pic=6: 1 issues
2026-02-10 21:14:18,904 - scanner - WARNING - CSRF found in http://testphp.vulnweb.com/product.php?pic=6: 5 issues
2026-02-10 21:14:22,332 - scanner - WARNING - SQLi found in http://testphp.vulnweb.com/artists.php?artist=1: 1 issues
2026-02-10 21:14:22,891 - scanner - WARNING - XSS found in http://testphp.vulnweb.com/artists.php?artist=1: 1 issues
2026-02-10 21:14:23,380 - scanner - WARNING - CSRF found in http://testphp.vulnweb.com/artists.php?artist=1: 3 issues
2026-02-10 21:14:32,181 - scanner - WARNING - CSRF found in http://testphp.vulnweb.com/cart.php: 3 issues
2026-02-10 21:14:32,685 - scanner - WARNING - CSRF found in http://testphp.vulnweb.com/artists.php: 3 issues
2026-02-10 21:14:36,174 - scanner - WARNING - SQLi found in http://testphp.vulnweb.com/listproducts.php?cat=4: 1 issues
2026-02-10 21:14:36,660 - scanner - WARNING - XSS found in http://testphp.vulnweb.com/listproducts.php?cat=4: 1 issues
2026-02-10 21:14:37,153 - scanner - WARNING - CSRF found in http://testphp.vulnweb.com/listproducts.php?cat=4: 3 issues
2026-02-10 21:14:40,569 - scanner - WARNING - SQLi found in http://testphp.vulnweb.com/product.php?pic=1: 1 issues
2026-02-10 21:14:41,040 - scanner - WARNING - XSS found in http://testphp.vulnweb.com/product.php?pic=1: 1 issues
2026-02-10 21:14:41,531 - scanner - WARNING - CSRF found in http://testphp.vulnweb.com/product.php?pic=1: 5 issues
2026-02-10 21:14:45,594 - scanner - WARNING - SQLi found in http://testphp.vulnweb.com/product.php?pic=2: 1 issues
2026-02-10 21:14:46,055 - scanner - WARNING - XSS found in http://testphp.vulnweb.com/product.php?pic=2: 1 issues
2026-02-10 21:14:46,555 - scanner - WARNING - CSRF found in http://testphp.vulnweb.com/product.php?pic=2: 5 issues
2026-02-10 21:14:47,575 - scanner - WARNING - CSRF found in http://testphp.vulnweb.com/index.php: 3 issues
2026-02-10 21:14:51,096 - scanner - WARNING - SQLi found in http://testphp.vulnweb.com/listproducts.php?cat=2: 1 issues
2026-02-10 21:14:51,580 - scanner - WARNING - XSS found in http://testphp.vulnweb.com/listproducts.php?cat=2: 1 issues
2026-02-10 21:14:52,046 - scanner - WARNING - CSRF found in http://testphp.vulnweb.com/listproducts.php?cat=2: 3 issues
2026-02-10 21:14:59,372 - scanner - WARNING - CSRF found in http://testphp.vulnweb.com/login.php?pp=12: 5 issues
2026-02-10 21:15:07,196 - scanner - INFO - Scan completed
