2026-02-06 09:32:17,707 - scanner - INFO - Starting scan: http://testphp.vulnweb.com/login.php with profile: standard
2026-02-06 09:32:17,710 - scanner - INFO - Crawling site (max_urls: 30)...
2026-02-06 09:33:11,678 - scanner - INFO - Found 40 URLs
2026-02-06 09:34:53,225 - scanner - WARNING - XSS found in http://testphp.vulnweb.com/product.php?pic=3: 1 issues
2026-02-06 09:34:53,958 - scanner - WARNING - CSRF found in http://testphp.vulnweb.com/product.php?pic=3: 5 issues
2026-02-06 09:37:07,479 - scanner - WARNING - XSS found in http://testphp.vulnweb.com/product.php?pic=5: 1 issues
2026-02-06 09:37:08,729 - scanner - WARNING - CSRF found in http://testphp.vulnweb.com/product.php?pic=5: 5 issues
2026-02-06 09:37:09,307 - scanner - WARNING - CSRF found in http://testphp.vulnweb.com/login.php: 5 issues
2026-02-06 09:37:15,538 - scanner - WARNING - CSRF found in http://testphp.vulnweb.com/artists.php: 3 issues
2026-02-06 09:37:44,632 - scanner - WARNING - SQLi found in http://testphp.vulnweb.com/listproducts.php?cat=2: 1 issues
2026-02-06 09:37:45,188 - scanner - WARNING - XSS found in http://testphp.vulnweb.com/listproducts.php?cat=2: 1 issues
2026-02-06 09:37:45,788 - scanner - WARNING - CSRF found in http://testphp.vulnweb.com/listproducts.php?cat=2: 3 issues
2026-02-06 09:37:46,336 - scanner - WARNING - CSRF found in http://testphp.vulnweb.com/categories.php: 3 issues
2026-02-06 09:37:54,369 - scanner - WARNING - SQLi found in http://testphp.vulnweb.com/listproducts.php?cat=1: 1 issues
2026-02-06 09:37:55,449 - scanner - WARNING - XSS found in http://testphp.vulnweb.com/listproducts.php?cat=1: 1 issues
2026-02-06 09:37:55,966 - scanner - WARNING - CSRF found in http://testphp.vulnweb.com/listproducts.php?cat=1: 3 issues
2026-02-06 09:38:21,818 - scanner - WARNING - SQLi found in http://testphp.vulnweb.com/product.php?pic=4: 1 issues
2026-02-06 09:38:22,318 - scanner - WARNING - XSS found in http://testphp.vulnweb.com/product.php?pic=4: 1 issues
2026-02-06 09:38:24,715 - scanner - WARNING - CSRF found in http://testphp.vulnweb.com/product.php?pic=4: 5 issues
2026-02-06 09:38:25,250 - scanner - WARNING - CSRF found in http://testphp.vulnweb.com/disclaimer.php: 3 issues
2026-02-06 09:38:39,029 - scanner - INFO - Scan completed
2026-02-06 09:43:53,041 - scanner - INFO - Starting scan: http://testphp.vulnweb.com/login.php with profile: standard
2026-02-06 09:43:53,060 - scanner - INFO - Crawling site (max_urls: 50)...
2026-02-06 09:44:26,624 - scanner - INFO - Found 41 URLs
2026-02-06 09:44:35,059 - scanner - WARNING - SQLi found in http://testphp.vulnweb.com/product.php?pic=3: 2 issues
2026-02-06 09:44:35,551 - scanner - WARNING - XSS found in http://testphp.vulnweb.com/product.php?pic=3: 1 issues
2026-02-06 09:44:36,071 - scanner - WARNING - CSRF found in http://testphp.vulnweb.com/product.php?pic=3: 5 issues
2026-02-06 09:44:41,935 - scanner - WARNING - SQLi found in http://testphp.vulnweb.com/product.php?pic=7: 1 issues
2026-02-06 09:44:42,477 - scanner - WARNING - XSS found in http://testphp.vulnweb.com/product.php?pic=7: 1 issues
2026-02-06 09:44:42,989 - scanner - WARNING - CSRF found in http://testphp.vulnweb.com/product.php?pic=7: 5 issues
2026-02-06 09:44:49,362 - scanner - WARNING - SQLi found in http://testphp.vulnweb.com/listproducts.php?artist=3: 1 issues
2026-02-06 09:44:50,444 - scanner - WARNING - XSS found in http://testphp.vulnweb.com/listproducts.php?artist=3: 1 issues
2026-02-06 09:44:51,968 - scanner - WARNING - CSRF found in http://testphp.vulnweb.com/listproducts.php?artist=3: 3 issues
2026-02-06 09:45:11,089 - scanner - WARNING - SQLi found in http://testphp.vulnweb.com/artists.php?artist=2: 1 issues
2026-02-06 09:45:11,583 - scanner - WARNING - XSS found in http://testphp.vulnweb.com/artists.php?artist=2: 1 issues
2026-02-06 09:45:12,126 - scanner - WARNING - CSRF found in http://testphp.vulnweb.com/artists.php?artist=2: 3 issues
2026-02-06 09:45:18,718 - scanner - WARNING - SQLi found in http://testphp.vulnweb.com/listproducts.php?artist=2: 1 issues
2026-02-06 09:45:19,217 - scanner - WARNING - XSS found in http://testphp.vulnweb.com/listproducts.php?artist=2: 1 issues
2026-02-06 09:45:19,712 - scanner - WARNING - CSRF found in http://testphp.vulnweb.com/listproducts.php?artist=2: 3 issues
2026-02-06 09:45:20,475 - scanner - WARNING - CSRF found in http://testphp.vulnweb.com/userinfo.php: 5 issues
2026-02-06 09:45:25,975 - scanner - WARNING - SQLi found in http://testphp.vulnweb.com/artists.php?artist=3: 1 issues
2026-02-06 09:45:26,477 - scanner - WARNING - XSS found in http://testphp.vulnweb.com/artists.php?artist=3: 1 issues
2026-02-06 09:45:26,996 - scanner - WARNING - CSRF found in http://testphp.vulnweb.com/artists.php?artist=3: 3 issues
2026-02-06 09:45:33,721 - scanner - WARNING - SQLi found in http://testphp.vulnweb.com/product.php?pic=6: 1 issues
2026-02-06 09:45:35,714 - scanner - WARNING - XSS found in http://testphp.vulnweb.com/product.php?pic=6: 1 issues
2026-02-06 09:45:36,859 - scanner - WARNING - CSRF found in http://testphp.vulnweb.com/product.php?pic=6: 5 issues
2026-02-06 09:45:52,247 - scanner - WARNING - CSRF found in http://testphp.vulnweb.com/login.php?pp=12: 5 issues
2026-02-06 09:45:57,443 - scanner - WARNING - SQLi found in http://testphp.vulnweb.com/listproducts.php?cat=4: 1 issues
2026-02-06 09:45:58,947 - scanner - WARNING - XSS found in http://testphp.vulnweb.com/listproducts.php?cat=4: 1 issues
2026-02-06 09:46:00,504 - scanner - WARNING - CSRF found in http://testphp.vulnweb.com/listproducts.php?cat=4: 3 issues
2026-02-06 09:46:29,393 - scanner - WARNING - SQLi found in http://testphp.vulnweb.com/artists.php?artist=1: 1 issues
2026-02-06 09:46:30,892 - scanner - WARNING - XSS found in http://testphp.vulnweb.com/artists.php?artist=1: 1 issues
2026-02-06 09:46:31,409 - scanner - WARNING - CSRF found in http://testphp.vulnweb.com/artists.php?artist=1: 3 issues
2026-02-06 09:46:31,961 - scanner - WARNING - CSRF found in http://testphp.vulnweb.com/guestbook.php: 5 issues
2026-02-06 09:46:52,156 - scanner - WARNING - SQLi found in http://testphp.vulnweb.com/product.php?pic=2: 1 issues
2026-02-06 09:46:52,666 - scanner - WARNING - XSS found in http://testphp.vulnweb.com/product.php?pic=2: 1 issues
2026-02-06 09:46:53,197 - scanner - WARNING - CSRF found in http://testphp.vulnweb.com/product.php?pic=2: 5 issues
2026-02-06 09:46:55,874 - scanner - WARNING - CSRF found in http://testphp.vulnweb.com/signup.php: 5 issues
2026-02-06 09:47:01,159 - scanner - WARNING - SQLi found in http://testphp.vulnweb.com/product.php?pic=1: 1 issues
2026-02-06 09:47:03,868 - scanner - WARNING - XSS found in http://testphp.vulnweb.com/product.php?pic=1: 1 issues
2026-02-06 09:47:04,376 - scanner - WARNING - CSRF found in http://testphp.vulnweb.com/product.php?pic=1: 5 issues
2026-02-06 09:47:12,922 - scanner - WARNING - SQLi found in http://testphp.vulnweb.com/listproducts.php?cat=3: 1 issues
2026-02-06 09:47:13,483 - scanner - WARNING - XSS found in http://testphp.vulnweb.com/listproducts.php?cat=3: 1 issues
2026-02-06 09:47:14,005 - scanner - WARNING - CSRF found in http://testphp.vulnweb.com/listproducts.php?cat=3: 3 issues
2026-02-06 09:47:14,514 - scanner - WARNING - CSRF found in http://testphp.vulnweb.com/cart.php: 3 issues
2026-02-06 09:47:15,025 - scanner - WARNING - CSRF found in http://testphp.vulnweb.com/index.php: 3 issues
2026-02-06 09:47:37,325 - scanner - WARNING - SQLi found in http://testphp.vulnweb.com/product.php?pic=5: 1 issues
2026-02-06 09:47:37,847 - scanner - WARNING - XSS found in http://testphp.vulnweb.com/product.php?pic=5: 1 issues
2026-02-06 09:47:38,413 - scanner - WARNING - CSRF found in http://testphp.vulnweb.com/product.php?pic=5: 5 issues
2026-02-06 09:47:38,933 - scanner - WARNING - CSRF found in http://testphp.vulnweb.com/login.php: 5 issues
2026-02-06 09:47:39,418 - scanner - WARNING - CSRF found in http://testphp.vulnweb.com/artists.php: 3 issues
2026-02-06 09:48:01,074 - scanner - WARNING - SQLi found in http://testphp.vulnweb.com/listproducts.php?cat=2: 1 issues
2026-02-06 09:48:03,388 - scanner - WARNING - XSS found in http://testphp.vulnweb.com/listproducts.php?cat=2: 1 issues
2026-02-06 09:48:03,995 - scanner - WARNING - CSRF found in http://testphp.vulnweb.com/listproducts.php?cat=2: 3 issues
2026-02-06 09:48:05,434 - scanner - WARNING - CSRF found in http://testphp.vulnweb.com/categories.php: 3 issues
2026-02-06 09:48:10,400 - scanner - WARNING - SQLi found in http://testphp.vulnweb.com/listproducts.php?artist=1: 1 issues
2026-02-06 09:48:10,901 - scanner - WARNING - XSS found in http://testphp.vulnweb.com/listproducts.php?artist=1: 1 issues
2026-02-06 09:48:11,431 - scanner - WARNING - CSRF found in http://testphp.vulnweb.com/listproducts.php?artist=1: 3 issues
2026-02-06 09:48:18,029 - scanner - WARNING - SQLi found in http://testphp.vulnweb.com/listproducts.php?cat=1: 1 issues
2026-02-06 09:48:19,848 - scanner - WARNING - XSS found in http://testphp.vulnweb.com/listproducts.php?cat=1: 1 issues
2026-02-06 09:48:21,394 - scanner - WARNING - CSRF found in http://testphp.vulnweb.com/listproducts.php?cat=1: 3 issues
2026-02-06 09:48:51,540 - scanner - WARNING - SQLi found in http://testphp.vulnweb.com/product.php?pic=4: 1 issues
2026-02-06 09:48:52,695 - scanner - WARNING - XSS found in http://testphp.vulnweb.com/product.php?pic=4: 1 issues
2026-02-06 09:48:53,334 - scanner - WARNING - CSRF found in http://testphp.vulnweb.com/product.php?pic=4: 5 issues
2026-02-06 09:48:53,910 - scanner - WARNING - CSRF found in http://testphp.vulnweb.com/disclaimer.php: 3 issues
2026-02-06 09:49:08,668 - scanner - INFO - Scan completed
