2026-02-12 19:37:27,281 - scanner - INFO - Starting async scan: http://testphp.vulnweb.com/login.php with profile: standard
2026-02-12 19:37:27,826 - scanner - INFO - Crawling site (max_urls: 50)...
2026-02-12 19:37:40,668 - scanner - INFO - Starting async scan: http://testphp.vulnweb.com/login.php with profile: quick
2026-02-12 19:37:41,342 - scanner - INFO - Crawling site (max_urls: 10)...
2026-02-12 19:37:46,721 - scanner - INFO - Found 41 URLs
2026-02-12 19:37:50,365 - scanner - INFO - Found 20 URLs
2026-02-12 19:37:53,859 - scanner - WARNING - SQLi found in http://testphp.vulnweb.com/listproducts.php?cat=4: 1 issues
2026-02-12 19:37:54,350 - scanner - WARNING - XSS found in http://testphp.vulnweb.com/listproducts.php?cat=4: 1 issues
2026-02-12 19:37:54,865 - scanner - WARNING - CSRF found in http://testphp.vulnweb.com/listproducts.php?cat=4: 3 issues
2026-02-12 19:37:56,082 - scanner - WARNING - CSRF found in http://testphp.vulnweb.com/userinfo.php: 5 issues
2026-02-12 19:37:59,432 - scanner - WARNING - SQLi found in http://testphp.vulnweb.com/listproducts.php?cat=3: 1 issues
2026-02-12 19:37:59,937 - scanner - WARNING - XSS found in http://testphp.vulnweb.com/listproducts.php?cat=3: 1 issues
2026-02-12 19:38:00,437 - scanner - WARNING - CSRF found in http://testphp.vulnweb.com/listproducts.php?cat=3: 3 issues
2026-02-12 19:38:01,375 - scanner - WARNING - CSRF found in http://testphp.vulnweb.com/index.php: 3 issues
2026-02-12 19:38:01,864 - scanner - WARNING - CSRF found in http://testphp.vulnweb.com/categories.php: 3 issues
2026-02-12 19:38:02,322 - scanner - WARNING - CSRF found in http://testphp.vulnweb.com/artists.php: 3 issues
2026-02-12 19:38:02,812 - scanner - WARNING - CSRF found in http://testphp.vulnweb.com/cart.php: 3 issues
2026-02-12 19:38:03,315 - scanner - WARNING - CSRF found in http://testphp.vulnweb.com/signup.php: 5 issues
2026-02-12 19:38:07,133 - scanner - WARNING - SQLi found in http://testphp.vulnweb.com/artists.php?artist=1: 1 issues
2026-02-12 19:38:07,584 - scanner - WARNING - XSS found in http://testphp.vulnweb.com/artists.php?artist=1: 1 issues
2026-02-12 19:38:08,055 - scanner - WARNING - CSRF found in http://testphp.vulnweb.com/artists.php?artist=1: 3 issues
2026-02-12 19:38:11,408 - scanner - WARNING - SQLi found in http://testphp.vulnweb.com/artists.php?artist=3: 1 issues
2026-02-12 19:38:11,907 - scanner - WARNING - XSS found in http://testphp.vulnweb.com/artists.php?artist=3: 1 issues
2026-02-12 19:38:12,411 - scanner - WARNING - CSRF found in http://testphp.vulnweb.com/artists.php?artist=3: 3 issues
2026-02-12 19:38:12,888 - scanner - WARNING - CSRF found in http://testphp.vulnweb.com/disclaimer.php: 3 issues
2026-02-12 19:38:16,226 - scanner - WARNING - SQLi found in http://testphp.vulnweb.com/artists.php?artist=2: 1 issues
2026-02-12 19:38:16,701 - scanner - WARNING - XSS found in http://testphp.vulnweb.com/artists.php?artist=2: 1 issues
2026-02-12 19:38:17,245 - scanner - WARNING - CSRF found in http://testphp.vulnweb.com/artists.php?artist=2: 3 issues
2026-02-12 19:38:17,793 - scanner - WARNING - CSRF found in http://testphp.vulnweb.com/guestbook.php: 5 issues
2026-02-12 19:38:18,832 - scanner - WARNING - CSRF found in http://testphp.vulnweb.com/login.php: 5 issues
2026-02-12 19:38:22,679 - scanner - WARNING - SQLi found in http://testphp.vulnweb.com/listproducts.php?cat=1: 1 issues
2026-02-12 19:38:23,179 - scanner - WARNING - XSS found in http://testphp.vulnweb.com/listproducts.php?cat=1: 1 issues
2026-02-12 19:38:23,684 - scanner - WARNING - CSRF found in http://testphp.vulnweb.com/listproducts.php?cat=1: 3 issues
2026-02-12 19:38:27,091 - scanner - WARNING - SQLi found in http://testphp.vulnweb.com/listproducts.php?cat=2: 1 issues
2026-02-12 19:38:27,556 - scanner - WARNING - XSS found in http://testphp.vulnweb.com/listproducts.php?cat=2: 1 issues
2026-02-12 19:38:28,073 - scanner - WARNING - CSRF found in http://testphp.vulnweb.com/listproducts.php?cat=2: 3 issues
2026-02-12 19:38:28,075 - scanner - INFO - Scan completed
